<?xml version="1.0" encoding="UTF-8"?>
<!-- Generated by org.testng.reporters.JUnitXMLReporter -->
<testsuite hostname="LAPTOP-9R1SC065" ignored="0" name="Default test" tests="3" failures="0" timestamp="2021-02-24T10:42:16 IST" time="40.901" errors="0">
  <testcase name="login" time="8.747" classname="DemoWebShop.Display_Notebook_DD"/>
  <testcase name="notebook" time="3.637" classname="DemoWebShop.Display_Notebook_DD"/>
  <testcase name="display12" time="5.699" classname="DemoWebShop.Display_Notebook_DD"/>
</testsuite> <!-- Default test -->
