<?xml version="1.0" encoding="UTF-8"?>
<testng-results skipped="0" failed="0" ignored="0" total="3" passed="3">
  <reporter-output>
  </reporter-output>
  <suite name="Default suite" duration-ms="40901" started-at="2021-02-24T10:41:35 IST" finished-at="2021-02-24T10:42:15 IST">
    <groups>
    </groups>
    <test name="Default test" duration-ms="40901" started-at="2021-02-24T10:41:35 IST" finished-at="2021-02-24T10:42:15 IST">
      <class name="DemoWebShop.Display_Notebook_DD">
        <test-method status="PASS" signature="beforeClass()[pri:0, instance:DemoWebShop.Display_Notebook_DD@34cd072c]" name="beforeClass" is-config="true" duration-ms="22755" started-at="2021-02-24T10:41:35 IST" finished-at="2021-02-24T10:41:57 IST">
          <reporter-output>
          </reporter-output>
        </test-method> <!-- beforeClass -->
        <test-method status="PASS" signature="login()[pri:0, instance:DemoWebShop.Display_Notebook_DD@34cd072c]" name="login" duration-ms="8747" started-at="2021-02-24T10:41:57 IST" finished-at="2021-02-24T10:42:06 IST">
          <reporter-output>
          </reporter-output>
        </test-method> <!-- login -->
        <test-method status="PASS" signature="notebook()[pri:0, instance:DemoWebShop.Display_Notebook_DD@34cd072c]" name="notebook" duration-ms="3637" started-at="2021-02-24T10:42:06 IST" depends-on-methods="DemoWebShop.Display_Notebook_DD.login" finished-at="2021-02-24T10:42:10 IST">
          <reporter-output>
          </reporter-output>
        </test-method> <!-- notebook -->
        <test-method status="PASS" signature="display12()[pri:0, instance:DemoWebShop.Display_Notebook_DD@34cd072c]" name="display12" duration-ms="5699" started-at="2021-02-24T10:42:10 IST" depends-on-methods="DemoWebShop.Display_Notebook_DD.notebook" finished-at="2021-02-24T10:42:15 IST">
          <reporter-output>
          </reporter-output>
        </test-method> <!-- display12 -->
        <test-method status="PASS" signature="afterClass()[pri:0, instance:DemoWebShop.Display_Notebook_DD@34cd072c]" name="afterClass" is-config="true" duration-ms="0" started-at="2021-02-24T10:42:15 IST" finished-at="2021-02-24T10:42:15 IST">
          <reporter-output>
          </reporter-output>
        </test-method> <!-- afterClass -->
      </class> <!-- DemoWebShop.Display_Notebook_DD -->
    </test> <!-- Default test -->
  </suite> <!-- Default suite -->
</testng-results>
